{"level":"info","message":"Server running on port 5000","timestamp":"2025-03-22T10:15:54.959Z"}
{"level":"error","message":"MongoDB connection error: connect ECONNREFUSED ::1:27017","reason":{"commonWireVersion":0,"compatible":true,"heartbeatFrequencyMS":10000,"localThresholdMS":15,"logicalSessionTimeoutMinutes":null,"maxElectionId":null,"maxSetVersion":null,"servers":{},"setName":null,"stale":false,"type":"Unknown"},"stack":"MongooseServerSelectionError: connect ECONNREFUSED ::1:27017\n    at _handleConnectionErrors (D:\\kalvium\\S72_ShivamSingh_Capstone_InventoryManager\\backend\\node_modules\\mongoose\\lib\\connection.js:816:11)\n    at NativeConnection.openUri (D:\\kalvium\\S72_ShivamSingh_Capstone_InventoryManager\\backend\\node_modules\\mongoose\\lib\\connection.js:791:11)","timestamp":"2025-03-22T10:16:24.869Z"}
{"level":"info","message":"Server running on port 5000","timestamp":"2025-03-22T10:17:42.802Z"}
{"level":"info","message":"Connected to MongoDB","timestamp":"2025-03-22T10:17:43.489Z"}
{"level":"info","message":"Server running on port 5000","timestamp":"2025-03-22T10:22:01.859Z"}
{"level":"info","message":"Connected to MongoDB","timestamp":"2025-03-22T10:22:02.570Z"}
{"level":"info","message":"Server running on port 5000","timestamp":"2025-03-22T10:23:46.280Z"}
{"level":"info","message":"Connected to MongoDB","timestamp":"2025-03-22T10:23:47.081Z"}
{"level":"info","message":"Server running on port 5000","timestamp":"2025-03-22T13:14:24.135Z"}
{"level":"info","message":"Connected to MongoDB","timestamp":"2025-03-22T13:14:24.502Z"}
{"level":"info","message":"Server running on port 5000","timestamp":"2025-03-22T13:18:16.449Z"}
{"level":"info","message":"Connected to MongoDB","timestamp":"2025-03-22T13:18:16.751Z"}
{"level":"info","message":"Server running on port 5000","timestamp":"2025-03-22T13:50:18.496Z"}
{"level":"info","message":"Connected to MongoDB","timestamp":"2025-03-22T13:50:18.756Z"}
{"level":"info","message":"Server running on port 5000","timestamp":"2025-03-22T13:59:03.164Z"}
{"level":"info","message":"Connected to MongoDB","timestamp":"2025-03-22T13:59:03.432Z"}
{"level":"info","message":"Server running on port 5000","timestamp":"2025-03-22T14:00:45.739Z"}
{"level":"info","message":"Connected to MongoDB","timestamp":"2025-03-22T14:00:46.021Z"}
{"level":"info","message":"Server running on port 5000","timestamp":"2025-03-22T14:01:54.872Z"}
{"level":"info","message":"Connected to MongoDB","timestamp":"2025-03-22T14:01:55.156Z"}
{"level":"info","message":"Server running on port 5000","timestamp":"2025-03-22T14:08:51.158Z"}
{"level":"info","message":"Connected to MongoDB","timestamp":"2025-03-22T14:08:51.484Z"}
{"level":"info","message":"Server running on port 5000","timestamp":"2025-03-22T14:12:41.298Z"}
{"level":"info","message":"Connected to MongoDB","timestamp":"2025-03-22T14:12:41.563Z"}
{"level":"info","message":"Server running on port 5000","timestamp":"2025-03-22T14:14:34.360Z"}
{"level":"info","message":"Connected to MongoDB","timestamp":"2025-03-22T14:14:34.605Z"}
{"level":"error","message":"TypeError: Cannot read properties of undefined (reading 'jwt')\n    at D:\\kalvium\\S72_ShivamSingh_Capstone_InventoryManager\\backend\\middleware\\auth.js:16:26\n    at D:\\kalvium\\S72_ShivamSingh_Capstone_InventoryManager\\backend\\utils\\catchAsync.js:3:5\n    at Layer.handle [as handle_request] (D:\\kalvium\\S72_ShivamSingh_Capstone_InventoryManager\\backend\\node_modules\\express\\lib\\router\\layer.js:95:5)\n    at trim_prefix (D:\\kalvium\\S72_ShivamSingh_Capstone_InventoryManager\\backend\\node_modules\\express\\lib\\router\\index.js:328:13)\n    at D:\\kalvium\\S72_ShivamSingh_Capstone_InventoryManager\\backend\\node_modules\\express\\lib\\router\\index.js:286:9\n    at Function.process_params (D:\\kalvium\\S72_ShivamSingh_Capstone_InventoryManager\\backend\\node_modules\\express\\lib\\router\\index.js:346:12)\n    at next (D:\\kalvium\\S72_ShivamSingh_Capstone_InventoryManager\\backend\\node_modules\\express\\lib\\router\\index.js:280:10)\n    at Function.handle (D:\\kalvium\\S72_ShivamSingh_Capstone_InventoryManager\\backend\\node_modules\\express\\lib\\router\\index.js:175:3)\n    at router (D:\\kalvium\\S72_ShivamSingh_Capstone_InventoryManager\\backend\\node_modules\\express\\lib\\router\\index.js:47:12)\n    at Layer.handle [as handle_request] (D:\\kalvium\\S72_ShivamSingh_Capstone_InventoryManager\\backend\\node_modules\\express\\lib\\router\\layer.js:95:5)","timestamp":"2025-03-22T14:16:59.498Z"}
{"level":"info","message":"Server running on port 5000","timestamp":"2025-03-22T14:17:08.714Z"}
{"level":"info","message":"Connected to MongoDB","timestamp":"2025-03-22T14:17:08.977Z"}
{"level":"info","message":"Server running on port 5000","timestamp":"2025-03-23T13:31:20.622Z"}
{"level":"info","message":"Connected to MongoDB","timestamp":"2025-03-23T13:31:20.920Z"}
{"level":"info","message":"Server running on port 5000","timestamp":"2025-03-23T16:49:10.211Z"}
{"level":"info","message":"Connected to MongoDB","timestamp":"2025-03-23T16:49:10.526Z"}
{"level":"error","message":"TypeError: Cannot read properties of undefined (reading 'jwt')\n    at D:\\kalvium\\S72_ShivamSingh_Capstone_InventoryManager\\backend\\middleware\\auth.js:16:26\n    at D:\\kalvium\\S72_ShivamSingh_Capstone_InventoryManager\\backend\\utils\\catchAsync.js:3:5\n    at Layer.handle [as handle_request] (D:\\kalvium\\S72_ShivamSingh_Capstone_InventoryManager\\backend\\node_modules\\express\\lib\\router\\layer.js:95:5)\n    at trim_prefix (D:\\kalvium\\S72_ShivamSingh_Capstone_InventoryManager\\backend\\node_modules\\express\\lib\\router\\index.js:328:13)\n    at D:\\kalvium\\S72_ShivamSingh_Capstone_InventoryManager\\backend\\node_modules\\express\\lib\\router\\index.js:286:9\n    at Function.process_params (D:\\kalvium\\S72_ShivamSingh_Capstone_InventoryManager\\backend\\node_modules\\express\\lib\\router\\index.js:346:12)\n    at next (D:\\kalvium\\S72_ShivamSingh_Capstone_InventoryManager\\backend\\node_modules\\express\\lib\\router\\index.js:280:10)\n    at Function.handle (D:\\kalvium\\S72_ShivamSingh_Capstone_InventoryManager\\backend\\node_modules\\express\\lib\\router\\index.js:175:3)\n    at router (D:\\kalvium\\S72_ShivamSingh_Capstone_InventoryManager\\backend\\node_modules\\express\\lib\\router\\index.js:47:12)\n    at Layer.handle [as handle_request] (D:\\kalvium\\S72_ShivamSingh_Capstone_InventoryManager\\backend\\node_modules\\express\\lib\\router\\layer.js:95:5)","timestamp":"2025-03-23T16:58:26.716Z"}
{"level":"info","message":"Server running on port 5000","timestamp":"2025-03-23T17:03:06.704Z"}
{"level":"info","message":"Connected to MongoDB","timestamp":"2025-03-23T17:03:07.016Z"}
{"level":"error","message":"TypeError: Cannot read properties of undefined (reading 'jwt')\n    at D:\\kalvium\\S72_ShivamSingh_Capstone_InventoryManager\\backend\\middleware\\auth.js:16:26\n    at D:\\kalvium\\S72_ShivamSingh_Capstone_InventoryManager\\backend\\utils\\catchAsync.js:3:5\n    at Layer.handle [as handle_request] (D:\\kalvium\\S72_ShivamSingh_Capstone_InventoryManager\\backend\\node_modules\\express\\lib\\router\\layer.js:95:5)\n    at trim_prefix (D:\\kalvium\\S72_ShivamSingh_Capstone_InventoryManager\\backend\\node_modules\\express\\lib\\router\\index.js:328:13)\n    at D:\\kalvium\\S72_ShivamSingh_Capstone_InventoryManager\\backend\\node_modules\\express\\lib\\router\\index.js:286:9\n    at Function.process_params (D:\\kalvium\\S72_ShivamSingh_Capstone_InventoryManager\\backend\\node_modules\\express\\lib\\router\\index.js:346:12)\n    at next (D:\\kalvium\\S72_ShivamSingh_Capstone_InventoryManager\\backend\\node_modules\\express\\lib\\router\\index.js:280:10)\n    at Function.handle (D:\\kalvium\\S72_ShivamSingh_Capstone_InventoryManager\\backend\\node_modules\\express\\lib\\router\\index.js:175:3)\n    at router (D:\\kalvium\\S72_ShivamSingh_Capstone_InventoryManager\\backend\\node_modules\\express\\lib\\router\\index.js:47:12)\n    at Layer.handle [as handle_request] (D:\\kalvium\\S72_ShivamSingh_Capstone_InventoryManager\\backend\\node_modules\\express\\lib\\router\\layer.js:95:5)","timestamp":"2025-03-23T17:03:23.332Z"}
{"level":"error","message":"TypeError: Cannot read properties of undefined (reading 'jwt')\n    at D:\\kalvium\\S72_ShivamSingh_Capstone_InventoryManager\\backend\\middleware\\auth.js:16:26\n    at D:\\kalvium\\S72_ShivamSingh_Capstone_InventoryManager\\backend\\utils\\catchAsync.js:3:5\n    at Layer.handle [as handle_request] (D:\\kalvium\\S72_ShivamSingh_Capstone_InventoryManager\\backend\\node_modules\\express\\lib\\router\\layer.js:95:5)\n    at trim_prefix (D:\\kalvium\\S72_ShivamSingh_Capstone_InventoryManager\\backend\\node_modules\\express\\lib\\router\\index.js:328:13)\n    at D:\\kalvium\\S72_ShivamSingh_Capstone_InventoryManager\\backend\\node_modules\\express\\lib\\router\\index.js:286:9\n    at Function.process_params (D:\\kalvium\\S72_ShivamSingh_Capstone_InventoryManager\\backend\\node_modules\\express\\lib\\router\\index.js:346:12)\n    at next (D:\\kalvium\\S72_ShivamSingh_Capstone_InventoryManager\\backend\\node_modules\\express\\lib\\router\\index.js:280:10)\n    at Function.handle (D:\\kalvium\\S72_ShivamSingh_Capstone_InventoryManager\\backend\\node_modules\\express\\lib\\router\\index.js:175:3)\n    at router (D:\\kalvium\\S72_ShivamSingh_Capstone_InventoryManager\\backend\\node_modules\\express\\lib\\router\\index.js:47:12)\n    at Layer.handle [as handle_request] (D:\\kalvium\\S72_ShivamSingh_Capstone_InventoryManager\\backend\\node_modules\\express\\lib\\router\\layer.js:95:5)","timestamp":"2025-03-23T17:03:43.401Z"}
{"level":"info","message":"Server running on port 5000","timestamp":"2025-03-23T17:05:03.976Z"}
{"level":"info","message":"Connected to MongoDB","timestamp":"2025-03-23T17:05:04.512Z"}
{"level":"error","message":"TypeError: Cannot read properties of undefined (reading 'jwt')\n    at D:\\kalvium\\S72_ShivamSingh_Capstone_InventoryManager\\backend\\middleware\\auth.js:16:26\n    at D:\\kalvium\\S72_ShivamSingh_Capstone_InventoryManager\\backend\\utils\\catchAsync.js:3:5\n    at Layer.handle [as handle_request] (D:\\kalvium\\S72_ShivamSingh_Capstone_InventoryManager\\backend\\node_modules\\express\\lib\\router\\layer.js:95:5)\n    at trim_prefix (D:\\kalvium\\S72_ShivamSingh_Capstone_InventoryManager\\backend\\node_modules\\express\\lib\\router\\index.js:328:13)\n    at D:\\kalvium\\S72_ShivamSingh_Capstone_InventoryManager\\backend\\node_modules\\express\\lib\\router\\index.js:286:9\n    at Function.process_params (D:\\kalvium\\S72_ShivamSingh_Capstone_InventoryManager\\backend\\node_modules\\express\\lib\\router\\index.js:346:12)\n    at next (D:\\kalvium\\S72_ShivamSingh_Capstone_InventoryManager\\backend\\node_modules\\express\\lib\\router\\index.js:280:10)\n    at Function.handle (D:\\kalvium\\S72_ShivamSingh_Capstone_InventoryManager\\backend\\node_modules\\express\\lib\\router\\index.js:175:3)\n    at router (D:\\kalvium\\S72_ShivamSingh_Capstone_InventoryManager\\backend\\node_modules\\express\\lib\\router\\index.js:47:12)\n    at Layer.handle [as handle_request] (D:\\kalvium\\S72_ShivamSingh_Capstone_InventoryManager\\backend\\node_modules\\express\\lib\\router\\layer.js:95:5)","timestamp":"2025-03-23T17:05:07.947Z"}
{"level":"error","message":"TypeError: Cannot read properties of undefined (reading 'jwt')\n    at D:\\kalvium\\S72_ShivamSingh_Capstone_InventoryManager\\backend\\middleware\\auth.js:16:26\n    at D:\\kalvium\\S72_ShivamSingh_Capstone_InventoryManager\\backend\\utils\\catchAsync.js:3:5\n    at Layer.handle [as handle_request] (D:\\kalvium\\S72_ShivamSingh_Capstone_InventoryManager\\backend\\node_modules\\express\\lib\\router\\layer.js:95:5)\n    at trim_prefix (D:\\kalvium\\S72_ShivamSingh_Capstone_InventoryManager\\backend\\node_modules\\express\\lib\\router\\index.js:328:13)\n    at D:\\kalvium\\S72_ShivamSingh_Capstone_InventoryManager\\backend\\node_modules\\express\\lib\\router\\index.js:286:9\n    at Function.process_params (D:\\kalvium\\S72_ShivamSingh_Capstone_InventoryManager\\backend\\node_modules\\express\\lib\\router\\index.js:346:12)\n    at next (D:\\kalvium\\S72_ShivamSingh_Capstone_InventoryManager\\backend\\node_modules\\express\\lib\\router\\index.js:280:10)\n    at Function.handle (D:\\kalvium\\S72_ShivamSingh_Capstone_InventoryManager\\backend\\node_modules\\express\\lib\\router\\index.js:175:3)\n    at router (D:\\kalvium\\S72_ShivamSingh_Capstone_InventoryManager\\backend\\node_modules\\express\\lib\\router\\index.js:47:12)\n    at Layer.handle [as handle_request] (D:\\kalvium\\S72_ShivamSingh_Capstone_InventoryManager\\backend\\node_modules\\express\\lib\\router\\layer.js:95:5)","timestamp":"2025-03-23T17:05:30.604Z"}
{"level":"info","message":"Server running on port 5000","timestamp":"2025-03-23T17:10:10.652Z"}
{"level":"info","message":"Connected to MongoDB","timestamp":"2025-03-23T17:10:10.945Z"}
{"level":"error","message":"TypeError: Cannot read properties of undefined (reading 'jwt')\n    at D:\\kalvium\\S72_ShivamSingh_Capstone_InventoryManager\\backend\\middleware\\auth.js:16:26\n    at D:\\kalvium\\S72_ShivamSingh_Capstone_InventoryManager\\backend\\utils\\catchAsync.js:3:5\n    at Layer.handle [as handle_request] (D:\\kalvium\\S72_ShivamSingh_Capstone_InventoryManager\\backend\\node_modules\\express\\lib\\router\\layer.js:95:5)\n    at trim_prefix (D:\\kalvium\\S72_ShivamSingh_Capstone_InventoryManager\\backend\\node_modules\\express\\lib\\router\\index.js:328:13)\n    at D:\\kalvium\\S72_ShivamSingh_Capstone_InventoryManager\\backend\\node_modules\\express\\lib\\router\\index.js:286:9\n    at Function.process_params (D:\\kalvium\\S72_ShivamSingh_Capstone_InventoryManager\\backend\\node_modules\\express\\lib\\router\\index.js:346:12)\n    at next (D:\\kalvium\\S72_ShivamSingh_Capstone_InventoryManager\\backend\\node_modules\\express\\lib\\router\\index.js:280:10)\n    at Function.handle (D:\\kalvium\\S72_ShivamSingh_Capstone_InventoryManager\\backend\\node_modules\\express\\lib\\router\\index.js:175:3)\n    at router (D:\\kalvium\\S72_ShivamSingh_Capstone_InventoryManager\\backend\\node_modules\\express\\lib\\router\\index.js:47:12)\n    at Layer.handle [as handle_request] (D:\\kalvium\\S72_ShivamSingh_Capstone_InventoryManager\\backend\\node_modules\\express\\lib\\router\\layer.js:95:5)","timestamp":"2025-03-23T17:10:34.545Z"}
{"level":"info","message":"Server running on port 5000","timestamp":"2025-03-24T04:37:04.568Z"}
{"level":"info","message":"Connected to MongoDB","timestamp":"2025-03-24T04:37:05.642Z"}
{"level":"error","message":"TypeError: Cannot read properties of undefined (reading 'jwt')\n    at D:\\kalvium\\S72_ShivamSingh_Capstone_InventoryManager\\backend\\middleware\\auth.js:16:26\n    at D:\\kalvium\\S72_ShivamSingh_Capstone_InventoryManager\\backend\\utils\\catchAsync.js:3:5\n    at Layer.handle [as handle_request] (D:\\kalvium\\S72_ShivamSingh_Capstone_InventoryManager\\backend\\node_modules\\express\\lib\\router\\layer.js:95:5)\n    at trim_prefix (D:\\kalvium\\S72_ShivamSingh_Capstone_InventoryManager\\backend\\node_modules\\express\\lib\\router\\index.js:328:13)\n    at D:\\kalvium\\S72_ShivamSingh_Capstone_InventoryManager\\backend\\node_modules\\express\\lib\\router\\index.js:286:9\n    at Function.process_params (D:\\kalvium\\S72_ShivamSingh_Capstone_InventoryManager\\backend\\node_modules\\express\\lib\\router\\index.js:346:12)\n    at next (D:\\kalvium\\S72_ShivamSingh_Capstone_InventoryManager\\backend\\node_modules\\express\\lib\\router\\index.js:280:10)\n    at Function.handle (D:\\kalvium\\S72_ShivamSingh_Capstone_InventoryManager\\backend\\node_modules\\express\\lib\\router\\index.js:175:3)\n    at router (D:\\kalvium\\S72_ShivamSingh_Capstone_InventoryManager\\backend\\node_modules\\express\\lib\\router\\index.js:47:12)\n    at Layer.handle [as handle_request] (D:\\kalvium\\S72_ShivamSingh_Capstone_InventoryManager\\backend\\node_modules\\express\\lib\\router\\layer.js:95:5)","timestamp":"2025-03-24T04:37:24.600Z"}
{"level":"info","message":"Server running on port 5000","timestamp":"2025-03-24T04:48:23.128Z"}
{"level":"info","message":"Connected to MongoDB","timestamp":"2025-03-24T04:48:23.527Z"}
{"level":"info","message":"Server running on port 5000","timestamp":"2025-04-02T07:48:32.814Z"}
{"level":"info","message":"Connected to MongoDB","timestamp":"2025-04-02T07:48:33.237Z"}
{"level":"error","message":"TypeError: Cannot read properties of undefined (reading 'jwt')\n    at D:\\kalvium\\S72_ShivamSingh_Capstone_InventoryManager\\backend\\middleware\\auth.js:16:26\n    at D:\\kalvium\\S72_ShivamSingh_Capstone_InventoryManager\\backend\\utils\\catchAsync.js:3:5\n    at Layer.handle [as handle_request] (D:\\kalvium\\S72_ShivamSingh_Capstone_InventoryManager\\backend\\node_modules\\express\\lib\\router\\layer.js:95:5)\n    at trim_prefix (D:\\kalvium\\S72_ShivamSingh_Capstone_InventoryManager\\backend\\node_modules\\express\\lib\\router\\index.js:328:13)\n    at D:\\kalvium\\S72_ShivamSingh_Capstone_InventoryManager\\backend\\node_modules\\express\\lib\\router\\index.js:286:9\n    at Function.process_params (D:\\kalvium\\S72_ShivamSingh_Capstone_InventoryManager\\backend\\node_modules\\express\\lib\\router\\index.js:346:12)\n    at next (D:\\kalvium\\S72_ShivamSingh_Capstone_InventoryManager\\backend\\node_modules\\express\\lib\\router\\index.js:280:10)\n    at Function.handle (D:\\kalvium\\S72_ShivamSingh_Capstone_InventoryManager\\backend\\node_modules\\express\\lib\\router\\index.js:175:3)\n    at router (D:\\kalvium\\S72_ShivamSingh_Capstone_InventoryManager\\backend\\node_modules\\express\\lib\\router\\index.js:47:12)\n    at Layer.handle [as handle_request] (D:\\kalvium\\S72_ShivamSingh_Capstone_InventoryManager\\backend\\node_modules\\express\\lib\\router\\layer.js:95:5)","timestamp":"2025-04-02T07:49:22.696Z"}
{"level":"error","message":"TypeError: Cannot read properties of undefined (reading 'jwt')\n    at D:\\kalvium\\S72_ShivamSingh_Capstone_InventoryManager\\backend\\middleware\\auth.js:16:26\n    at D:\\kalvium\\S72_ShivamSingh_Capstone_InventoryManager\\backend\\utils\\catchAsync.js:3:5\n    at Layer.handle [as handle_request] (D:\\kalvium\\S72_ShivamSingh_Capstone_InventoryManager\\backend\\node_modules\\express\\lib\\router\\layer.js:95:5)\n    at trim_prefix (D:\\kalvium\\S72_ShivamSingh_Capstone_InventoryManager\\backend\\node_modules\\express\\lib\\router\\index.js:328:13)\n    at D:\\kalvium\\S72_ShivamSingh_Capstone_InventoryManager\\backend\\node_modules\\express\\lib\\router\\index.js:286:9\n    at Function.process_params (D:\\kalvium\\S72_ShivamSingh_Capstone_InventoryManager\\backend\\node_modules\\express\\lib\\router\\index.js:346:12)\n    at next (D:\\kalvium\\S72_ShivamSingh_Capstone_InventoryManager\\backend\\node_modules\\express\\lib\\router\\index.js:280:10)\n    at Function.handle (D:\\kalvium\\S72_ShivamSingh_Capstone_InventoryManager\\backend\\node_modules\\express\\lib\\router\\index.js:175:3)\n    at router (D:\\kalvium\\S72_ShivamSingh_Capstone_InventoryManager\\backend\\node_modules\\express\\lib\\router\\index.js:47:12)\n    at Layer.handle [as handle_request] (D:\\kalvium\\S72_ShivamSingh_Capstone_InventoryManager\\backend\\node_modules\\express\\lib\\router\\layer.js:95:5)","timestamp":"2025-04-02T08:06:18.402Z"}
{"level":"error","message":"TypeError: Cannot read properties of undefined (reading 'jwt')\n    at D:\\kalvium\\S72_ShivamSingh_Capstone_InventoryManager\\backend\\middleware\\auth.js:16:26\n    at D:\\kalvium\\S72_ShivamSingh_Capstone_InventoryManager\\backend\\utils\\catchAsync.js:3:5\n    at Layer.handle [as handle_request] (D:\\kalvium\\S72_ShivamSingh_Capstone_InventoryManager\\backend\\node_modules\\express\\lib\\router\\layer.js:95:5)\n    at trim_prefix (D:\\kalvium\\S72_ShivamSingh_Capstone_InventoryManager\\backend\\node_modules\\express\\lib\\router\\index.js:328:13)\n    at D:\\kalvium\\S72_ShivamSingh_Capstone_InventoryManager\\backend\\node_modules\\express\\lib\\router\\index.js:286:9\n    at Function.process_params (D:\\kalvium\\S72_ShivamSingh_Capstone_InventoryManager\\backend\\node_modules\\express\\lib\\router\\index.js:346:12)\n    at next (D:\\kalvium\\S72_ShivamSingh_Capstone_InventoryManager\\backend\\node_modules\\express\\lib\\router\\index.js:280:10)\n    at Function.handle (D:\\kalvium\\S72_ShivamSingh_Capstone_InventoryManager\\backend\\node_modules\\express\\lib\\router\\index.js:175:3)\n    at router (D:\\kalvium\\S72_ShivamSingh_Capstone_InventoryManager\\backend\\node_modules\\express\\lib\\router\\index.js:47:12)\n    at Layer.handle [as handle_request] (D:\\kalvium\\S72_ShivamSingh_Capstone_InventoryManager\\backend\\node_modules\\express\\lib\\router\\layer.js:95:5)","timestamp":"2025-04-02T08:06:35.070Z"}
{"level":"error","message":"TypeError: Cannot read properties of undefined (reading 'jwt')\n    at D:\\kalvium\\S72_ShivamSingh_Capstone_InventoryManager\\backend\\middleware\\auth.js:16:26\n    at D:\\kalvium\\S72_ShivamSingh_Capstone_InventoryManager\\backend\\utils\\catchAsync.js:3:5\n    at Layer.handle [as handle_request] (D:\\kalvium\\S72_ShivamSingh_Capstone_InventoryManager\\backend\\node_modules\\express\\lib\\router\\layer.js:95:5)\n    at trim_prefix (D:\\kalvium\\S72_ShivamSingh_Capstone_InventoryManager\\backend\\node_modules\\express\\lib\\router\\index.js:328:13)\n    at D:\\kalvium\\S72_ShivamSingh_Capstone_InventoryManager\\backend\\node_modules\\express\\lib\\router\\index.js:286:9\n    at Function.process_params (D:\\kalvium\\S72_ShivamSingh_Capstone_InventoryManager\\backend\\node_modules\\express\\lib\\router\\index.js:346:12)\n    at next (D:\\kalvium\\S72_ShivamSingh_Capstone_InventoryManager\\backend\\node_modules\\express\\lib\\router\\index.js:280:10)\n    at Function.handle (D:\\kalvium\\S72_ShivamSingh_Capstone_InventoryManager\\backend\\node_modules\\express\\lib\\router\\index.js:175:3)\n    at router (D:\\kalvium\\S72_ShivamSingh_Capstone_InventoryManager\\backend\\node_modules\\express\\lib\\router\\index.js:47:12)\n    at Layer.handle [as handle_request] (D:\\kalvium\\S72_ShivamSingh_Capstone_InventoryManager\\backend\\node_modules\\express\\lib\\router\\layer.js:95:5)","timestamp":"2025-04-02T08:11:10.569Z"}
{"level":"error","message":"TypeError: Cannot read properties of undefined (reading 'jwt')\n    at D:\\kalvium\\S72_ShivamSingh_Capstone_InventoryManager\\backend\\middleware\\auth.js:16:26\n    at D:\\kalvium\\S72_ShivamSingh_Capstone_InventoryManager\\backend\\utils\\catchAsync.js:3:5\n    at Layer.handle [as handle_request] (D:\\kalvium\\S72_ShivamSingh_Capstone_InventoryManager\\backend\\node_modules\\express\\lib\\router\\layer.js:95:5)\n    at trim_prefix (D:\\kalvium\\S72_ShivamSingh_Capstone_InventoryManager\\backend\\node_modules\\express\\lib\\router\\index.js:328:13)\n    at D:\\kalvium\\S72_ShivamSingh_Capstone_InventoryManager\\backend\\node_modules\\express\\lib\\router\\index.js:286:9\n    at Function.process_params (D:\\kalvium\\S72_ShivamSingh_Capstone_InventoryManager\\backend\\node_modules\\express\\lib\\router\\index.js:346:12)\n    at next (D:\\kalvium\\S72_ShivamSingh_Capstone_InventoryManager\\backend\\node_modules\\express\\lib\\router\\index.js:280:10)\n    at Function.handle (D:\\kalvium\\S72_ShivamSingh_Capstone_InventoryManager\\backend\\node_modules\\express\\lib\\router\\index.js:175:3)\n    at router (D:\\kalvium\\S72_ShivamSingh_Capstone_InventoryManager\\backend\\node_modules\\express\\lib\\router\\index.js:47:12)\n    at Layer.handle [as handle_request] (D:\\kalvium\\S72_ShivamSingh_Capstone_InventoryManager\\backend\\node_modules\\express\\lib\\router\\layer.js:95:5)","timestamp":"2025-04-02T08:11:20.000Z"}
{"level":"info","message":"Server running on port 5000","timestamp":"2025-04-02T18:44:06.014Z"}
{"level":"info","message":"Connected to MongoDB","timestamp":"2025-04-02T18:44:06.350Z"}
{"level":"info","message":"Server running on port 5000","timestamp":"2025-04-02T19:22:04.685Z"}
{"level":"info","message":"Connected to MongoDB","timestamp":"2025-04-02T19:22:05.034Z"}
{"level":"info","message":"Server running on port 5000","timestamp":"2025-04-02T19:26:16.666Z"}
{"level":"info","message":"Connected to MongoDB","timestamp":"2025-04-02T19:26:16.931Z"}
{"level":"error","message":"TypeError: Cannot read properties of undefined (reading 'jwt')\n    at D:\\kalvium\\S72_ShivamSingh_Capstone_InventoryManager\\backend\\middleware\\auth.js:16:26\n    at D:\\kalvium\\S72_ShivamSingh_Capstone_InventoryManager\\backend\\utils\\catchAsync.js:3:5\n    at Layer.handle [as handle_request] (D:\\kalvium\\S72_ShivamSingh_Capstone_InventoryManager\\backend\\node_modules\\express\\lib\\router\\layer.js:95:5)\n    at trim_prefix (D:\\kalvium\\S72_ShivamSingh_Capstone_InventoryManager\\backend\\node_modules\\express\\lib\\router\\index.js:328:13)\n    at D:\\kalvium\\S72_ShivamSingh_Capstone_InventoryManager\\backend\\node_modules\\express\\lib\\router\\index.js:286:9\n    at Function.process_params (D:\\kalvium\\S72_ShivamSingh_Capstone_InventoryManager\\backend\\node_modules\\express\\lib\\router\\index.js:346:12)\n    at next (D:\\kalvium\\S72_ShivamSingh_Capstone_InventoryManager\\backend\\node_modules\\express\\lib\\router\\index.js:280:10)\n    at Function.handle (D:\\kalvium\\S72_ShivamSingh_Capstone_InventoryManager\\backend\\node_modules\\express\\lib\\router\\index.js:175:3)\n    at router (D:\\kalvium\\S72_ShivamSingh_Capstone_InventoryManager\\backend\\node_modules\\express\\lib\\router\\index.js:47:12)\n    at Layer.handle [as handle_request] (D:\\kalvium\\S72_ShivamSingh_Capstone_InventoryManager\\backend\\node_modules\\express\\lib\\router\\layer.js:95:5)","timestamp":"2025-04-02T19:27:02.153Z"}
{"level":"info","message":"Server running on port 5000","timestamp":"2025-04-04T08:17:34.256Z"}
{"level":"info","message":"Connected to MongoDB","timestamp":"2025-04-04T08:17:35.206Z"}
{"level":"info","message":"Server running on port 5000","timestamp":"2025-05-02T18:16:39.575Z"}
{"level":"info","message":"Connected to MongoDB","timestamp":"2025-05-02T18:16:40.030Z"}
{"level":"info","message":"Server running on port 5000","timestamp":"2025-05-15T17:16:36.960Z"}
{"level":"info","message":"Connected to MongoDB","timestamp":"2025-05-15T17:16:38.472Z"}
{"level":"info","message":"Server running on port 5000","timestamp":"2025-05-15T17:33:59.427Z"}
{"level":"info","message":"Connected to MongoDB","timestamp":"2025-05-15T17:34:00.304Z"}
{"level":"info","message":"Server running on port 5000","timestamp":"2025-05-15T17:46:11.091Z"}
{"level":"info","message":"Connected to MongoDB","timestamp":"2025-05-15T17:46:11.924Z"}
{"level":"info","message":"Server running on port 5000","timestamp":"2025-05-15T17:49:12.099Z"}
{"level":"info","message":"Connected to MongoDB","timestamp":"2025-05-15T17:49:12.881Z"}
{"level":"info","message":"Server running on port 5000","timestamp":"2025-05-15T17:52:25.128Z"}
{"level":"info","message":"Connected to MongoDB","timestamp":"2025-05-15T17:52:28.781Z"}
{"level":"info","message":"Server running on port 5000","timestamp":"2025-05-15T18:12:39.635Z"}
{"level":"info","message":"Connected to MongoDB","timestamp":"2025-05-15T18:12:40.382Z"}
{"level":"info","message":"Server running on port 5000","timestamp":"2025-05-15T18:16:13.932Z"}
{"level":"info","message":"Connected to MongoDB","timestamp":"2025-05-15T18:16:14.697Z"}
{"level":"info","message":"Server running on port 5000","timestamp":"2025-05-15T18:18:24.879Z"}
{"level":"info","message":"Connected to MongoDB","timestamp":"2025-05-15T18:18:26.023Z"}
{"level":"info","message":"Server running on port 5000","timestamp":"2025-05-15T18:20:23.509Z"}
{"level":"info","message":"Connected to MongoDB","timestamp":"2025-05-15T18:20:29.988Z"}
{"level":"info","message":"Server running on port 5000","timestamp":"2025-05-15T18:22:21.417Z"}
{"level":"info","message":"Connected to MongoDB","timestamp":"2025-05-15T18:22:24.082Z"}
{"level":"info","message":"Server running on port 5000","timestamp":"2025-05-17T07:32:02.978Z"}
{"level":"info","message":"Connected to MongoDB","timestamp":"2025-05-17T07:32:08.008Z"}
{"level":"error","message":"TypeError: Cannot read properties of undefined (reading 'jwt')\n    at D:\\kalvium\\S72_ShivamSingh_Capstone_InventoryManager\\backend\\middleware\\auth.js:16:26\n    at D:\\kalvium\\S72_ShivamSingh_Capstone_InventoryManager\\backend\\utils\\catchAsync.js:3:5\n    at Layer.handle [as handle_request] (D:\\kalvium\\S72_ShivamSingh_Capstone_InventoryManager\\backend\\node_modules\\express\\lib\\router\\layer.js:95:5)\n    at trim_prefix (D:\\kalvium\\S72_ShivamSingh_Capstone_InventoryManager\\backend\\node_modules\\express\\lib\\router\\index.js:328:13)\n    at D:\\kalvium\\S72_ShivamSingh_Capstone_InventoryManager\\backend\\node_modules\\express\\lib\\router\\index.js:286:9\n    at Function.process_params (D:\\kalvium\\S72_ShivamSingh_Capstone_InventoryManager\\backend\\node_modules\\express\\lib\\router\\index.js:346:12)\n    at next (D:\\kalvium\\S72_ShivamSingh_Capstone_InventoryManager\\backend\\node_modules\\express\\lib\\router\\index.js:280:10)\n    at Function.handle (D:\\kalvium\\S72_ShivamSingh_Capstone_InventoryManager\\backend\\node_modules\\express\\lib\\router\\index.js:175:3)\n    at router (D:\\kalvium\\S72_ShivamSingh_Capstone_InventoryManager\\backend\\node_modules\\express\\lib\\router\\index.js:47:12)\n    at Layer.handle [as handle_request] (D:\\kalvium\\S72_ShivamSingh_Capstone_InventoryManager\\backend\\node_modules\\express\\lib\\router\\layer.js:95:5)","timestamp":"2025-05-17T08:12:22.436Z"}
{"level":"info","message":"Server running on port 5000","timestamp":"2025-05-18T04:37:01.987Z"}
{"level":"info","message":"Connected to MongoDB","timestamp":"2025-05-18T04:37:03.214Z"}
{"level":"info","message":"Server running on port 5000","timestamp":"2025-05-18T05:19:35.138Z"}
{"level":"info","message":"Connected to MongoDB","timestamp":"2025-05-18T05:19:37.335Z"}
{"level":"info","message":"Server running on port 5000","timestamp":"2025-05-18T05:27:14.070Z"}
{"level":"info","message":"Connected to MongoDB","timestamp":"2025-05-18T05:27:17.013Z"}
{"level":"info","message":"Server running on port 5000","timestamp":"2025-05-18T05:30:21.490Z"}
{"level":"info","message":"Connected to MongoDB","timestamp":"2025-05-18T05:30:23.895Z"}
{"level":"info","message":"Server running on port 5000","timestamp":"2025-05-18T05:33:14.025Z"}
{"level":"info","message":"Connected to MongoDB","timestamp":"2025-05-18T05:33:16.507Z"}
{"level":"info","message":"Server running on port 5000","timestamp":"2025-05-18T05:43:39.735Z"}
{"level":"info","message":"Connected to MongoDB","timestamp":"2025-05-18T05:43:42.538Z"}
{"level":"info","message":"Server running on port 5000","timestamp":"2025-05-18T06:00:36.766Z"}
{"level":"info","message":"Connected to MongoDB","timestamp":"2025-05-18T06:00:39.754Z"}
{"level":"info","message":"Server running on port 5000","timestamp":"2025-05-18T06:21:23.714Z"}
{"level":"info","message":"Connected to MongoDB","timestamp":"2025-05-18T06:21:25.439Z"}
{"level":"info","message":"Server running on port 5000","timestamp":"2025-05-18T06:33:35.123Z"}
{"level":"info","message":"Connected to MongoDB","timestamp":"2025-05-18T06:33:35.868Z"}
{"level":"info","message":"Server running on port 5000","timestamp":"2025-05-18T09:19:07.808Z"}
{"level":"info","message":"Connected to MongoDB","timestamp":"2025-05-18T09:19:08.832Z"}
{"level":"info","message":"Server running on port 5000","timestamp":"2025-05-18T10:06:19.681Z"}
{"level":"info","message":"Connected to MongoDB","timestamp":"2025-05-18T10:06:20.886Z"}
{"level":"info","message":"Server running on port 5000","timestamp":"2025-05-18T10:20:52.706Z"}
{"level":"info","message":"Connected to MongoDB","timestamp":"2025-05-18T10:20:53.943Z"}
{"level":"info","message":"Server running on port 5000","timestamp":"2025-05-18T10:48:50.435Z"}
{"level":"info","message":"Connected to MongoDB","timestamp":"2025-05-18T10:48:52.588Z"}
{"level":"info","message":"Server running on port 5000","timestamp":"2025-05-18T14:42:51.638Z"}
{"level":"info","message":"Connected to MongoDB","timestamp":"2025-05-18T14:42:52.210Z"}
{"level":"info","message":"Server running on port 5000","timestamp":"2025-05-18T15:30:55.241Z"}
{"level":"info","message":"Connected to MongoDB","timestamp":"2025-05-18T15:30:57.311Z"}
{"level":"info","message":"Server running on port 5000","timestamp":"2025-05-18T15:58:32.741Z"}
{"level":"info","message":"Connected to MongoDB","timestamp":"2025-05-18T15:58:34.088Z"}
{"level":"info","message":"Server running on port 5000","timestamp":"2025-05-18T16:06:18.390Z"}
{"level":"info","message":"Connected to MongoDB","timestamp":"2025-05-18T16:06:20.560Z"}
{"level":"info","message":"Server running on port 5000","timestamp":"2025-05-18T17:17:33.869Z"}
{"level":"info","message":"Connected to MongoDB","timestamp":"2025-05-18T17:17:34.365Z"}
{"level":"info","message":"Server running on port 5000","timestamp":"2025-05-19T06:09:55.602Z"}
{"level":"info","message":"Connected to MongoDB","timestamp":"2025-05-19T06:09:57.227Z"}
{"level":"info","message":"Server running on port 5000","timestamp":"2025-05-19T08:02:43.968Z"}
{"level":"info","message":"Connected to MongoDB","timestamp":"2025-05-19T08:02:44.963Z"}
{"level":"info","message":"Server running on port 5000","timestamp":"2025-05-19T10:33:21.480Z"}
{"level":"info","message":"Connected to MongoDB","timestamp":"2025-05-19T10:33:22.786Z"}
{"level":"info","message":"Server running on port 5000","timestamp":"2025-05-19T10:36:05.407Z"}
{"level":"info","message":"Connected to MongoDB","timestamp":"2025-05-19T10:36:07.329Z"}
{"level":"info","message":"Server running on port 5000","timestamp":"2025-05-19T10:36:17.076Z"}
{"level":"info","message":"Connected to MongoDB","timestamp":"2025-05-19T10:36:18.231Z"}
{"level":"info","message":"Server running on port 5000","timestamp":"2025-05-19T10:36:30.622Z"}
{"level":"info","message":"Connected to MongoDB","timestamp":"2025-05-19T10:36:31.593Z"}
{"level":"info","message":"Server running on port 5000","timestamp":"2025-05-19T10:40:30.587Z"}
{"level":"info","message":"Connected to MongoDB","timestamp":"2025-05-19T10:40:31.683Z"}
{"level":"info","message":"Server running on port 5000","timestamp":"2025-05-19T10:44:52.103Z"}
{"level":"info","message":"Connected to MongoDB","timestamp":"2025-05-19T10:44:52.842Z"}
{"level":"info","message":"Server running on port 5000","timestamp":"2025-05-19T10:49:37.629Z"}
{"level":"info","message":"Connected to MongoDB","timestamp":"2025-05-19T10:49:38.851Z"}
{"level":"info","message":"Server running on port 5000","timestamp":"2025-05-19T10:50:22.516Z"}
{"level":"info","message":"Connected to MongoDB","timestamp":"2025-05-19T10:50:23.971Z"}
{"level":"info","message":"Server running on port 5000","timestamp":"2025-05-19T10:52:16.283Z"}
{"level":"info","message":"Connected to MongoDB","timestamp":"2025-05-19T10:52:17.896Z"}
{"level":"info","message":"Server running on port 5000","timestamp":"2025-05-19T10:55:17.562Z"}
{"level":"info","message":"Connected to MongoDB","timestamp":"2025-05-19T10:55:19.224Z"}
{"level":"info","message":"Server running on port 5000","timestamp":"2025-05-19T11:02:21.726Z"}
{"level":"info","message":"Connected to MongoDB","timestamp":"2025-05-19T11:02:22.505Z"}
{"level":"info","message":"Server running on port 5000","timestamp":"2025-05-19T11:13:04.009Z"}
{"level":"info","message":"Connected to MongoDB","timestamp":"2025-05-19T11:13:05.096Z"}
{"level":"info","message":"Server running on port 5000","timestamp":"2025-05-19T11:29:03.535Z"}
{"level":"info","message":"Connected to MongoDB","timestamp":"2025-05-19T11:29:04.492Z"}
{"level":"error","message":"TypeError: Cannot read properties of undefined (reading 'jwt')\n    at D:\\kalvium\\S72_ShivamSingh_Capstone_InventoryManager\\backend\\middleware\\auth.js:16:26\n    at D:\\kalvium\\S72_ShivamSingh_Capstone_InventoryManager\\backend\\utils\\catchAsync.js:3:5\n    at Layer.handle [as handle_request] (D:\\kalvium\\S72_ShivamSingh_Capstone_InventoryManager\\backend\\node_modules\\express\\lib\\router\\layer.js:95:5)\n    at trim_prefix (D:\\kalvium\\S72_ShivamSingh_Capstone_InventoryManager\\backend\\node_modules\\express\\lib\\router\\index.js:328:13)\n    at D:\\kalvium\\S72_ShivamSingh_Capstone_InventoryManager\\backend\\node_modules\\express\\lib\\router\\index.js:286:9\n    at Function.process_params (D:\\kalvium\\S72_ShivamSingh_Capstone_InventoryManager\\backend\\node_modules\\express\\lib\\router\\index.js:346:12)\n    at next (D:\\kalvium\\S72_ShivamSingh_Capstone_InventoryManager\\backend\\node_modules\\express\\lib\\router\\index.js:280:10)\n    at D:\\kalvium\\S72_ShivamSingh_Capstone_InventoryManager\\backend\\routes\\auth.js:18:3\n    at Layer.handle [as handle_request] (D:\\kalvium\\S72_ShivamSingh_Capstone_InventoryManager\\backend\\node_modules\\express\\lib\\router\\layer.js:95:5)\n    at trim_prefix (D:\\kalvium\\S72_ShivamSingh_Capstone_InventoryManager\\backend\\node_modules\\express\\lib\\router\\index.js:328:13)","timestamp":"2025-05-19T11:30:46.851Z"}
{"level":"error","message":"TypeError: Cannot read properties of undefined (reading 'jwt')\n    at D:\\kalvium\\S72_ShivamSingh_Capstone_InventoryManager\\backend\\middleware\\auth.js:16:26\n    at D:\\kalvium\\S72_ShivamSingh_Capstone_InventoryManager\\backend\\utils\\catchAsync.js:3:5\n    at Layer.handle [as handle_request] (D:\\kalvium\\S72_ShivamSingh_Capstone_InventoryManager\\backend\\node_modules\\express\\lib\\router\\layer.js:95:5)\n    at trim_prefix (D:\\kalvium\\S72_ShivamSingh_Capstone_InventoryManager\\backend\\node_modules\\express\\lib\\router\\index.js:328:13)\n    at D:\\kalvium\\S72_ShivamSingh_Capstone_InventoryManager\\backend\\node_modules\\express\\lib\\router\\index.js:286:9\n    at Function.process_params (D:\\kalvium\\S72_ShivamSingh_Capstone_InventoryManager\\backend\\node_modules\\express\\lib\\router\\index.js:346:12)\n    at next (D:\\kalvium\\S72_ShivamSingh_Capstone_InventoryManager\\backend\\node_modules\\express\\lib\\router\\index.js:280:10)\n    at D:\\kalvium\\S72_ShivamSingh_Capstone_InventoryManager\\backend\\routes\\auth.js:18:3\n    at Layer.handle [as handle_request] (D:\\kalvium\\S72_ShivamSingh_Capstone_InventoryManager\\backend\\node_modules\\express\\lib\\router\\layer.js:95:5)\n    at trim_prefix (D:\\kalvium\\S72_ShivamSingh_Capstone_InventoryManager\\backend\\node_modules\\express\\lib\\router\\index.js:328:13)","timestamp":"2025-05-19T11:30:52.096Z"}
{"level":"error","message":"TypeError: Cannot read properties of undefined (reading 'jwt')\n    at D:\\kalvium\\S72_ShivamSingh_Capstone_InventoryManager\\backend\\middleware\\auth.js:16:26\n    at D:\\kalvium\\S72_ShivamSingh_Capstone_InventoryManager\\backend\\utils\\catchAsync.js:3:5\n    at Layer.handle [as handle_request] (D:\\kalvium\\S72_ShivamSingh_Capstone_InventoryManager\\backend\\node_modules\\express\\lib\\router\\layer.js:95:5)\n    at trim_prefix (D:\\kalvium\\S72_ShivamSingh_Capstone_InventoryManager\\backend\\node_modules\\express\\lib\\router\\index.js:328:13)\n    at D:\\kalvium\\S72_ShivamSingh_Capstone_InventoryManager\\backend\\node_modules\\express\\lib\\router\\index.js:286:9\n    at Function.process_params (D:\\kalvium\\S72_ShivamSingh_Capstone_InventoryManager\\backend\\node_modules\\express\\lib\\router\\index.js:346:12)\n    at next (D:\\kalvium\\S72_ShivamSingh_Capstone_InventoryManager\\backend\\node_modules\\express\\lib\\router\\index.js:280:10)\n    at D:\\kalvium\\S72_ShivamSingh_Capstone_InventoryManager\\backend\\routes\\auth.js:18:3\n    at Layer.handle [as handle_request] (D:\\kalvium\\S72_ShivamSingh_Capstone_InventoryManager\\backend\\node_modules\\express\\lib\\router\\layer.js:95:5)\n    at trim_prefix (D:\\kalvium\\S72_ShivamSingh_Capstone_InventoryManager\\backend\\node_modules\\express\\lib\\router\\index.js:328:13)","timestamp":"2025-05-19T11:30:53.356Z"}
{"level":"info","message":"Server running on port 5000","timestamp":"2025-05-24T12:10:39.821Z"}
{"level":"info","message":"Connected to MongoDB","timestamp":"2025-05-24T12:10:40.995Z"}
{"level":"info","message":"Server running on port 5000","timestamp":"2025-05-24T12:32:36.306Z"}
{"level":"info","message":"Connected to MongoDB","timestamp":"2025-05-24T12:32:37.348Z"}
{"level":"info","message":"Server running on port 5000","timestamp":"2025-05-24T12:37:29.429Z"}
{"level":"info","message":"Connected to MongoDB","timestamp":"2025-05-24T12:37:30.809Z"}
{"level":"info","message":"Server running on port 5000","timestamp":"2025-05-24T12:39:36.128Z"}
{"level":"info","message":"Connected to MongoDB","timestamp":"2025-05-24T12:39:37.184Z"}
{"level":"info","message":"Server running on port 5000","timestamp":"2025-05-24T12:40:54.699Z"}
{"level":"info","message":"Connected to MongoDB","timestamp":"2025-05-24T12:40:55.657Z"}
{"level":"info","message":"Server running on port 5000","timestamp":"2025-05-24T12:43:40.738Z"}
{"level":"info","message":"Connected to MongoDB","timestamp":"2025-05-24T12:43:41.788Z"}
{"level":"info","message":"Server running on port 5000","timestamp":"2025-05-25T14:41:04.572Z"}
{"level":"info","message":"Connected to MongoDB","timestamp":"2025-05-25T14:41:05.486Z"}
{"level":"info","message":"Server running on port 5000","timestamp":"2025-05-25T14:46:53.507Z"}
{"level":"info","message":"Connected to MongoDB","timestamp":"2025-05-25T14:46:54.739Z"}
{"level":"info","message":"Server running on port 5000","timestamp":"2025-05-25T14:49:25.180Z"}
{"level":"info","message":"Connected to MongoDB","timestamp":"2025-05-25T14:49:25.985Z"}
{"level":"info","message":"Server running on port 5000","timestamp":"2025-05-25T14:54:19.261Z"}
{"level":"info","message":"Connected to MongoDB","timestamp":"2025-05-25T14:54:20.135Z"}
{"level":"info","message":"Server running on port 5000","timestamp":"2025-05-25T14:54:49.426Z"}
{"level":"info","message":"Connected to MongoDB","timestamp":"2025-05-25T14:54:50.407Z"}
{"level":"info","message":"Server running on port 5000","timestamp":"2025-05-25T15:00:20.075Z"}
{"level":"info","message":"Connected to MongoDB","timestamp":"2025-05-25T15:00:21.207Z"}
{"level":"info","message":"Server running on port 5000","timestamp":"2025-05-25T15:06:49.039Z"}
{"level":"info","message":"Connected to MongoDB","timestamp":"2025-05-25T15:06:49.892Z"}
{"level":"info","message":"Server running on port 5000","timestamp":"2025-05-25T15:13:09.700Z"}
{"level":"info","message":"Connected to MongoDB","timestamp":"2025-05-25T15:13:10.956Z"}
{"level":"info","message":"Server running on port 5000","timestamp":"2025-05-25T15:14:59.652Z"}
{"level":"info","message":"Connected to MongoDB","timestamp":"2025-05-25T15:15:00.792Z"}
{"level":"info","message":"Server running on port 5000","timestamp":"2025-05-25T15:21:28.480Z"}
{"level":"info","message":"Connected to MongoDB","timestamp":"2025-05-25T15:21:29.720Z"}
{"level":"info","message":"Server running on port 5000","timestamp":"2025-05-25T15:28:45.057Z"}
{"level":"info","message":"Connected to MongoDB","timestamp":"2025-05-25T15:28:46.036Z"}
{"level":"info","message":"Server running on port 5000","timestamp":"2025-05-25T15:44:15.004Z"}
{"level":"info","message":"Connected to MongoDB","timestamp":"2025-05-25T15:44:15.839Z"}
{"level":"info","message":"Server running on port 5000","timestamp":"2025-05-25T15:46:39.185Z"}
{"level":"info","message":"Connected to MongoDB","timestamp":"2025-05-25T15:46:40.306Z"}
{"level":"info","message":"Server running on port 5000","timestamp":"2025-05-26T06:08:52.061Z"}
{"level":"info","message":"Connected to MongoDB","timestamp":"2025-05-26T06:08:53.009Z"}
{"level":"info","message":"Server running on port 5000","timestamp":"2025-05-26T07:27:34.609Z"}
{"level":"info","message":"Connected to MongoDB","timestamp":"2025-05-26T07:27:35.802Z"}
{"level":"info","message":"Server running on port 5000","timestamp":"2025-05-26T07:27:50.357Z"}
{"level":"info","message":"Connected to MongoDB","timestamp":"2025-05-26T07:27:51.082Z"}
{"level":"info","message":"Server running on port 5000","timestamp":"2025-05-26T07:31:08.273Z"}
{"level":"info","message":"Connected to MongoDB","timestamp":"2025-05-26T07:31:09.203Z"}
{"level":"info","message":"Server running on port 5000","timestamp":"2025-05-30T17:05:49.911Z"}
{"level":"info","message":"Connected to MongoDB","timestamp":"2025-05-30T17:05:50.787Z"}
